


ARM Macro Assembler    Page 1 


    1 00000000         ;/* Copyright Statement:
    2 00000000         ; *
    3 00000000         ; * This software/firmware and related documentation ("A
                       utoChips Software") are
    4 00000000         ; * protected under relevant copyright laws. The informa
                       tion contained herein is
    5 00000000         ; * confidential and proprietary to AutoChips Inc. and/o
                       r its licensors. Without
    6 00000000         ; * the prior written permission of AutoChips inc. and/o
                       r its licensors, any
    7 00000000         ; * reproduction, modification, use or disclosure of Aut
                       oChips Software, and
    8 00000000         ; * information contained herein, in whole or in part, s
                       hall be strictly
    9 00000000         ; * prohibited.
   10 00000000         ; *
   11 00000000         ; * AutoChips Inc. (C) 2016. All rights reserved.
   12 00000000         ; *
   13 00000000         ; * BY OPENING THIS FILE, RECEIVER HEREBY UNEQUIVOCALLY 
                       ACKNOWLEDGES AND AGREES
   14 00000000         ; * THAT THE SOFTWARE/FIRMWARE AND ITS DOCUMENTATIONS ("
                       AUTOCHIPS SOFTWARE")
   15 00000000         ; * RECEIVED FROM AUTOCHIPS AND/OR ITS REPRESENTATIVES A
                       RE PROVIDED TO RECEIVER
   16 00000000         ; * ON AN "AS-IS" BASIS ONLY. AUTOCHIPS EXPRESSLY DISCLA
                       IMS ANY AND ALL
   17 00000000         ; * WARRANTIES, EXPRESS OR IMPLIED, INCLUDING BUT NOT LI
                       MITED TO THE IMPLIED
   18 00000000         ; * WARRANTIES OF MERCHANTABILITY, FITNESS FOR A PARTICU
                       LAR PURPOSE OR
   19 00000000         ; * NONINFRINGEMENT. NEITHER DOES AUTOCHIPS PROVIDE ANY 
                       WARRANTY WHATSOEVER WITH
   20 00000000         ; * RESPECT TO THE SOFTWARE OF ANY THIRD PARTY WHICH MAY
                        BE USED BY,
   21 00000000         ; * INCORPORATED IN, OR SUPPLIED WITH THE AUTOCHIPS SOFT
                       WARE, AND RECEIVER AGREES
   22 00000000         ; * TO LOOK ONLY TO SUCH THIRD PARTY FOR ANY WARRANTY CL
                       AIM RELATING THERETO.
   23 00000000         ; * RECEIVER EXPRESSLY ACKNOWLEDGES THAT IT IS RECEIVER'
                       S SOLE RESPONSIBILITY TO
   24 00000000         ; * OBTAIN FROM ANY THIRD PARTY ALL PROPER LICENSES CONT
                       AINED IN AUTOCHIPS
   25 00000000         ; * SOFTWARE. AUTOCHIPS SHALL ALSO NOT BE RESPONSIBLE FO
                       R ANY AUTOCHIPS SOFTWARE
   26 00000000         ; * RELEASES MADE TO RECEIVER'S SPECIFICATION OR TO CONF
                       ORM TO A PARTICULAR
   27 00000000         ; * STANDARD OR OPEN FORUM. RECEIVER'S SOLE AND EXCLUSIV
                       E REMEDY AND AUTOCHIPS'S
   28 00000000         ; * ENTIRE AND CUMULATIVE LIABILITY WITH RESPECT TO THE 
                       AUTOCHIPS SOFTWARE
   29 00000000         ; * RELEASED HEREUNDER WILL BE, AT AUTOCHIPS'S OPTION, T
                       O REVISE OR REPLACE THE
   30 00000000         ; * AUTOCHIPS SOFTWARE AT ISSUE, OR REFUND ANY SOFTWARE 
                       LICENSE FEES OR SERVICE
   31 00000000         ; * CHARGE PAID BY RECEIVER TO AUTOCHIPS FOR SUCH AUTOCH
                       IPS SOFTWARE AT ISSUE.
   32 00000000         ; */
   33 00000000         
   34 00000000 00000800 



ARM Macro Assembler    Page 2 


                       Stack_Size
                               EQU              0x800
   35 00000000         
   36 00000000                 AREA             STACK, NOINIT, READWRITE, ALIGN
=3
   37 00000000         Stack_Mem
                               SPACE            Stack_Size
   38 00000800         __initial_sp
   39 00000800         
   40 00000800         ; <h> Heap Configuration
   41 00000800         ;   <o>  Heap Size (in Bytes) <0x0-0xFFFFFFFF:8>
   42 00000800         ; </h>
   43 00000800         
   44 00000800 00000000 
                       Heap_Size
                               EQU              0x0
   45 00000800         
   46 00000800                 AREA             HEAP, NOINIT, READWRITE, ALIGN=
3
   47 00000000         __heap_base
   48 00000000         Heap_Mem
                               SPACE            Heap_Size
   49 00000000         __heap_limit
   50 00000000         
   51 00000000                 PRESERVE8
   52 00000000                 THUMB
   53 00000000         
   54 00000000         
   55 00000000         ; Vector Table Mapped to Address 0 at Reset
   56 00000000                 AREA             RESET, DATA, READONLY
   57 00000000                 EXPORT           __Vectors
   58 00000000                 EXPORT           __Vectors_End
   59 00000000                 EXPORT           __Vectors_Size
   60 00000000         
   61 00000000 00000000 
                       __Vectors
                               DCD              __initial_sp ; Top of Stack 0
   62 00000004 00000000        DCD              Reset_Handler 
                                                            ; Reset Handler 04
   63 00000008 00000000        DCD              NMI_Handler ; NMI Handler   08
   64 0000000C 00000000        DCD              HardFault_Handler ; Hard Fault 
                                                            Handler
   65 00000010 00000000        DCD              MemManage_Handler 
                                                            ; MPU Fault Handler
                                                            
   66 00000014 00000000        DCD              BusFault_Handler 
                                                            ; Bus Fault Handler
                                                            
   67 00000018 00000000        DCD              UsageFault_Handler ; Usage Faul
                                                            t Handler
   68 0000001C 00000000        DCD              0           ; Reserved
   69 00000020 00000000        DCD              0           ; Reserved
   70 00000024 00000000        DCD              0           ; Reserved
   71 00000028 00000000        DCD              0           ; Reserved
   72 0000002C 00000000        DCD              SVC_Handler ; SVCall Handler
   73 00000030 00000000        DCD              DebugMon_Handler ; Debug Monito
                                                            r Handler
   74 00000034 00000000        DCD              0           ; Reserved
   75 00000038 00000000        DCD              PendSV_Handler ; PendSV Handler



ARM Macro Assembler    Page 3 


                                                            
   76 0000003C 00000000        DCD              SysTick_Handler 
                                                            ; SysTick Handler
   77 00000040         
   78 00000040         ; External Interrupts
   79 00000040 00000000        DCD              PWDT_IRQHandler
   80 00000044 00000000        DCD              UART1_IRQHandler
   81 00000048 00000000        DCD              UART2_IRQHandler
   82 0000004C 00000000        DCD              UART3_IRQHandler
   83 00000050 00000000        DCD              UART4_IRQHandler
   84 00000054 00000000        DCD              UART5_IRQHandler
   85 00000058 00000000        DCD              UART6_IRQHandler
   86 0000005C 00000000        DCD              EXTI0_IRQHandler
   87 00000060 00000000        DCD              EXTI1_IRQHandler
   88 00000064 00000000        DCD              EXTI2_IRQHandler
   89 00000068 00000000        DCD              EXTI3_IRQHandler
   90 0000006C 00000000        DCD              EXTI4_IRQHandler
   91 00000070 00000000        DCD              EXTI5_9_IRQHandler
   92 00000074 00000000        DCD              SPI1_IRQHandler
   93 00000078 00000000        DCD              SPI2_IRQHandler
   94 0000007C 00000000        DCD              I2C1_IRQHandler
   95 00000080 00000000        DCD              I2C2_IRQHandler
   96 00000084 00000000        DCD              DMA1_IRQHandler
   97 00000088 00000000        DCD              DMA2_IRQHandler
   98 0000008C 00000000        DCD              DMA3_IRQHandler
   99 00000090 00000000        DCD              DMA4_IRQHandler
  100 00000094 00000000        DCD              DMA5_IRQHandler
  101 00000098 00000000        DCD              DMA6_IRQHandler
  102 0000009C 00000000        DCD              DMA7_IRQHandler
  103 000000A0 00000000        DCD              DMA8_IRQHandler
  104 000000A4 00000000        DCD              DMA9_IRQHandler
  105 000000A8 00000000        DCD              DMA10_IRQHandler
  106 000000AC 00000000        DCD              DMA11_IRQHandler
  107 000000B0 00000000        DCD              DMA12_IRQHandler
  108 000000B4 00000000        DCD              TIMER0_IRQHandler
  109 000000B8 00000000        DCD              TIMER1_IRQHandler
  110 000000BC 00000000        DCD              BKP_IRQHandler
  111 000000C0 00000000        DCD              RTC_IRQHandler
  112 000000C4 00000000        DCD              Watchdog_IRQHandler
  113 000000C8 00000000        DCD              PWM0_IRQHandler
  114 000000CC 00000000        DCD              PWM1_IRQHandler
  115 000000D0 00000000        DCD              PWM2_IRQHandler
  116 000000D4 00000000        DCD              PVD_Handler
  117 000000D8 00000000        DCD              LIN0_Handler
  118 000000DC 00000000        DCD              EXTI10_15_IRQHandler
  119 000000E0 00000000        DCD              SPM_IRQHandler
  120 000000E4 00000000        DCD              0
  121 000000E8 00000000        DCD              CAN1_Handler
  122 000000EC 00000000        DCD              CAN2_Handler
  123 000000F0 00000000        DCD              ADC_IRQHandler
  124 000000F4 00000000        DCD              ACMP0_IRQHandler
  125 000000F8 00000000        DCD              ACMP1_IRQHandler
  126 000000FC 00000000        DCD              TIMER2_IRQHandler
  127 00000100 00000000        DCD              TIMER3_IRQHandler
  128 00000104 00000000        DCD              TIMER4_IRQHandler
  129 00000108 00000000        DCD              TIMER5_IRQHandler
  130 0000010C 00000000        DCD              TIMER6_IRQHandler
  131 00000110 00000000        DCD              TIMER7_IRQHandler
  132 00000114 00000000        DCD              PWM3_IRQHandler



ARM Macro Assembler    Page 4 


  133 00000118 00000000        DCD              EFlash_IRQHandler
  134 0000011C         __Vectors_End
  135 0000011C         
  136 0000011C 0000011C 
                       __Vectors_Size
                               EQU              __Vectors_End - __Vectors
  137 0000011C         
  138 0000011C                 AREA             |.text|, CODE, READONLY
  139 00000000         
  140 00000000         ; Reset handler
  141 00000000         Reset_Handler
                               PROC
  142 00000000                 EXPORT           Reset_Handler             [WEAK
]
  143 00000000                 IMPORT           __main
  144 00000000                 IMPORT           SystemInit
  145 00000000         
  146 00000000         ; enable lockup reset
  147 00000000 490D            LDR              R1, =0x4000000C
  148 00000002 480E            LDR              R0, =0x0301FF00
  149 00000004 6008            STR              R0, [R1]
  150 00000006         
  151 00000006         ; enable xosc monitor
  152 00000006 F04F 4180       LDR              R1, =0x40000000
  153 0000000A 6808            LDR              R0, [R1]
  154 0000000C F440 3080       ORR              R0, R0,#0x00010000
  155 00000010 6008            STR              R0, [R1]
  156 00000012         
  157 00000012         ; enable xosc ready flag
  158 00000012 490B            LDR              R1, =0x400088b0
  159 00000014 6808            LDR              R0, [R1]
  160 00000016 F020 5080       BIC              R0, R0,#0x10000000
  161 0000001A 6008            STR              R0, [R1]
  162 0000001C         
  163 0000001C 4809            LDR              R0, =SystemInit
  164 0000001E 4780            BLX              R0
  165 00000020 4809            LDR              R0, =__main
  166 00000022 4700            BX               R0
  167 00000024                 ENDP
  168 00000024         
  169 00000024         NMI_Handler
                               PROC
  170 00000024                 EXPORT           NMI_Handler                [WEA
K]
  171 00000024 E7FE            B                .
  172 00000026                 ENDP
  174 00000026         HardFault_Handler
                               PROC
  175 00000026         ;IMPORT  HardFaultDebug
  176 00000026         ;LDR R1, =0xE000ED0C
  177 00000026         ;LDR R0, =0x05FA0004
  178 00000026         ;STR R0, [R1]   ; RESET
  179 00000026         ;TST LR,#4
  180 00000026         ;ITE EQ
  181 00000026         ;MRSEQ R0,MSP
  182 00000026         ;MRSNE R0,PSP
  183 00000026         ;B HardFaultDebug
  184 00000026                 EXPORT           HardFault_Handler          [WEA
K]



ARM Macro Assembler    Page 5 


  185 00000026 E7FE            B                .
  186 00000028                 ENDP
  188 00000028         MemManage_Handler
                               PROC
  189 00000028                 EXPORT           MemManage_Handler          [WEA
K]
  190 00000028 E7FE            B                .
  191 0000002A                 ENDP
  193 0000002A         BusFault_Handler
                               PROC
  194 0000002A                 EXPORT           BusFault_Handler           [WEA
K]
  195 0000002A E7FE            B                .
  196 0000002C                 ENDP
  198 0000002C         UsageFault_Handler
                               PROC
  199 0000002C                 EXPORT           UsageFault_Handler         [WEA
K]
  200 0000002C E7FE            B                .
  201 0000002E                 ENDP
  202 0000002E         SVC_Handler
                               PROC
  203 0000002E                 EXPORT           SVC_Handler                [WEA
K]
  204 0000002E E7FE            B                .
  205 00000030                 ENDP
  207 00000030         DebugMon_Handler
                               PROC
  208 00000030                 EXPORT           DebugMon_Handler           [WEA
K]
  209 00000030 E7FE            B                .
  210 00000032                 ENDP
  211 00000032         PendSV_Handler
                               PROC
  212 00000032                 EXPORT           PendSV_Handler             [WEA
K]
  213 00000032 E7FE            B                .
  214 00000034                 ENDP
  215 00000034         SysTick_Handler
                               PROC
  216 00000034                 EXPORT           SysTick_Handler            [WEA
K]
  217 00000034 E7FE            B                .
  218 00000036                 ENDP
  219 00000036         
  220 00000036         Default_Handler
                               PROC
  221 00000036                 EXPORT           PWDT_IRQHandler      [WEAK]
  222 00000036                 EXPORT           UART1_IRQHandler     [WEAK]
  223 00000036                 EXPORT           UART2_IRQHandler     [WEAK]
  224 00000036                 EXPORT           UART3_IRQHandler     [WEAK]
  225 00000036                 EXPORT           UART4_IRQHandler     [WEAK]
  226 00000036                 EXPORT           UART5_IRQHandler     [WEAK]
  227 00000036                 EXPORT           UART6_IRQHandler     [WEAK]
  228 00000036                 EXPORT           EXTI0_IRQHandler     [WEAK]
  229 00000036                 EXPORT           EXTI1_IRQHandler     [WEAK]
  230 00000036                 EXPORT           EXTI2_IRQHandler     [WEAK]
  231 00000036                 EXPORT           EXTI3_IRQHandler     [WEAK]
  232 00000036                 EXPORT           EXTI4_IRQHandler     [WEAK]



ARM Macro Assembler    Page 6 


  233 00000036                 EXPORT           EXTI5_9_IRQHandler   [WEAK]
  234 00000036                 EXPORT           SPI1_IRQHandler      [WEAK]
  235 00000036                 EXPORT           SPI2_IRQHandler      [WEAK]
  236 00000036                 EXPORT           I2C1_IRQHandler      [WEAK]
  237 00000036                 EXPORT           I2C2_IRQHandler      [WEAK]
  238 00000036                 EXPORT           DMA1_IRQHandler      [WEAK]
  239 00000036                 EXPORT           DMA2_IRQHandler      [WEAK]
  240 00000036                 EXPORT           DMA3_IRQHandler      [WEAK]
  241 00000036                 EXPORT           DMA4_IRQHandler      [WEAK]
  242 00000036                 EXPORT           DMA5_IRQHandler      [WEAK]
  243 00000036                 EXPORT           DMA6_IRQHandler      [WEAK]
  244 00000036                 EXPORT           DMA7_IRQHandler      [WEAK]
  245 00000036                 EXPORT           DMA8_IRQHandler      [WEAK]
  246 00000036                 EXPORT           DMA9_IRQHandler      [WEAK]
  247 00000036                 EXPORT           DMA10_IRQHandler     [WEAK]
  248 00000036                 EXPORT           DMA11_IRQHandler     [WEAK]
  249 00000036                 EXPORT           DMA12_IRQHandler     [WEAK]
  250 00000036                 EXPORT           TIMER0_IRQHandler    [WEAK]
  251 00000036                 EXPORT           TIMER1_IRQHandler    [WEAK]
  252 00000036                 EXPORT           BKP_IRQHandler       [WEAK]
  253 00000036                 EXPORT           RTC_IRQHandler       [WEAK]
  254 00000036                 EXPORT           Watchdog_IRQHandler  [WEAK]
  255 00000036                 EXPORT           PWM0_IRQHandler      [WEAK]
  256 00000036                 EXPORT           PWM1_IRQHandler      [WEAK]
  257 00000036                 EXPORT           PWM2_IRQHandler      [WEAK]
  258 00000036                 EXPORT           PVD_Handler          [WEAK]
  259 00000036                 EXPORT           LIN0_Handler         [WEAK]
  260 00000036                 EXPORT           EXTI10_15_IRQHandler [WEAK]
  261 00000036                 EXPORT           SPM_IRQHandler       [WEAK]
  262 00000036                 EXPORT           CAN1_Handler         [WEAK]
  263 00000036                 EXPORT           CAN2_Handler         [WEAK]
  264 00000036                 EXPORT           ADC_IRQHandler       [WEAK]
  265 00000036                 EXPORT           ACMP0_IRQHandler     [WEAK]
  266 00000036                 EXPORT           ACMP1_IRQHandler     [WEAK]
  267 00000036                 EXPORT           TIMER2_IRQHandler    [WEAK]
  268 00000036                 EXPORT           TIMER3_IRQHandler    [WEAK]
  269 00000036                 EXPORT           TIMER4_IRQHandler    [WEAK]
  270 00000036                 EXPORT           TIMER5_IRQHandler    [WEAK]
  271 00000036                 EXPORT           TIMER6_IRQHandler    [WEAK]
  272 00000036                 EXPORT           TIMER7_IRQHandler    [WEAK]
  273 00000036                 EXPORT           PWM3_IRQHandler      [WEAK]
  274 00000036                 EXPORT           EFlash_IRQHandler    [WEAK]
  275 00000036         PWDT_IRQHandler
  276 00000036         UART1_IRQHandler
  277 00000036         UART2_IRQHandler
  278 00000036         UART3_IRQHandler
  279 00000036         UART4_IRQHandler
  280 00000036         UART5_IRQHandler
  281 00000036         UART6_IRQHandler
  282 00000036         EXTI0_IRQHandler
  283 00000036         EXTI1_IRQHandler
  284 00000036         EXTI2_IRQHandler
  285 00000036         EXTI3_IRQHandler
  286 00000036         EXTI4_IRQHandler
  287 00000036         EXTI5_9_IRQHandler
  288 00000036         SPI1_IRQHandler
  289 00000036         SPI2_IRQHandler
  290 00000036         I2C1_IRQHandler
  291 00000036         I2C2_IRQHandler



ARM Macro Assembler    Page 7 


  292 00000036         DMA1_IRQHandler
  293 00000036         DMA2_IRQHandler
  294 00000036         DMA3_IRQHandler
  295 00000036         DMA4_IRQHandler
  296 00000036         DMA5_IRQHandler
  297 00000036         DMA6_IRQHandler
  298 00000036         DMA7_IRQHandler
  299 00000036         DMA8_IRQHandler
  300 00000036         DMA9_IRQHandler
  301 00000036         DMA10_IRQHandler
  302 00000036         DMA11_IRQHandler
  303 00000036         DMA12_IRQHandler
  304 00000036         TIMER0_IRQHandler
  305 00000036         TIMER1_IRQHandler
  306 00000036         BKP_IRQHandler
  307 00000036         RTC_IRQHandler
  308 00000036         Watchdog_IRQHandler
  309 00000036         PWM0_IRQHandler
  310 00000036         PWM1_IRQHandler
  311 00000036         PWM2_IRQHandler
  312 00000036         PVD_Handler
  313 00000036         LIN0_Handler
  314 00000036         EXTI10_15_IRQHandler
  315 00000036         SPM_IRQHandler
  316 00000036         ;0
  317 00000036         CAN1_Handler
  318 00000036         CAN2_Handler
  319 00000036         ADC_IRQHandler
  320 00000036         ACMP0_IRQHandler
  321 00000036         ACMP1_IRQHandler
  322 00000036         TIMER2_IRQHandler
  323 00000036         TIMER3_IRQHandler
  324 00000036         TIMER4_IRQHandler
  325 00000036         TIMER5_IRQHandler
  326 00000036         TIMER6_IRQHandler
  327 00000036         TIMER7_IRQHandler
  328 00000036         PWM3_IRQHandler
  329 00000036         EFlash_IRQHandler
  330 00000036 E7FE            b                .
  331 00000038                 ENDP
  332 00000038         
  333 00000038                 ALIGN
  334 00000038         
  335 00000038         ;*******************************************************
                       ************************
  336 00000038         ; User Stack and Heap initialization
  337 00000038         ;*******************************************************
                       ************************
  338 00000038                 IF               :DEF:__MICROLIB
  339 00000038         
  340 00000038                 EXPORT           __initial_sp
  341 00000038                 EXPORT           __heap_base
  342 00000038                 EXPORT           __heap_limit
  343 00000038                 ELSE
  357                          ENDIF
  358 00000038         
  359 00000038                 END
              4000000C 
              0301FF00 



ARM Macro Assembler    Page 8 


              400088B0 
              00000000 
              00000000 
Command Line: --debug --xref --diag_suppress=9931 --cpu=Cortex-M3 --apcs=interw
ork --depend=can_double_7815\startup_ac78xx.d -ocan_double_7815\startup_ac78xx.
o -I.\RTE\_CAN_DOUBLE_7815 -I"D:\Keil5 Packs\ARM\CMSIS\5.8.0\CMSIS\Core\Include
" -I"D:\Keil5 Packs\AutoChips\AC781x_DFP\1.1.2\Device\Include" --predefine="__M
ICROLIB SETA 1" --predefine="__UVISION_VERSION SETA 536" --predefine="_RTE_ SET
A 1" --predefine="_RTE_ SETA 1" --list=.\listings\startup_ac78xx.lst startup_ac
78xx.s



ARM Macro Assembler    Page 1 Alphabetic symbol ordering
Relocatable symbols

STACK 00000000

Symbol: STACK
   Definitions
      At line 36 in file startup_ac78xx.s
   Uses
      None
Comment: STACK unused
Stack_Mem 00000000

Symbol: Stack_Mem
   Definitions
      At line 37 in file startup_ac78xx.s
   Uses
      None
Comment: Stack_Mem unused
__initial_sp 00000800

Symbol: __initial_sp
   Definitions
      At line 38 in file startup_ac78xx.s
   Uses
      At line 61 in file startup_ac78xx.s
      At line 340 in file startup_ac78xx.s

3 symbols



ARM Macro Assembler    Page 1 Alphabetic symbol ordering
Relocatable symbols

HEAP 00000000

Symbol: HEAP
   Definitions
      At line 46 in file startup_ac78xx.s
   Uses
      None
Comment: HEAP unused
Heap_Mem 00000000

Symbol: Heap_Mem
   Definitions
      At line 48 in file startup_ac78xx.s
   Uses
      None
Comment: Heap_Mem unused
__heap_base 00000000

Symbol: __heap_base
   Definitions
      At line 47 in file startup_ac78xx.s
   Uses
      At line 341 in file startup_ac78xx.s
Comment: __heap_base used once
__heap_limit 00000000

Symbol: __heap_limit
   Definitions
      At line 49 in file startup_ac78xx.s
   Uses
      At line 342 in file startup_ac78xx.s
Comment: __heap_limit used once
4 symbols



ARM Macro Assembler    Page 1 Alphabetic symbol ordering
Relocatable symbols

RESET 00000000

Symbol: RESET
   Definitions
      At line 56 in file startup_ac78xx.s
   Uses
      None
Comment: RESET unused
__Vectors 00000000

Symbol: __Vectors
   Definitions
      At line 61 in file startup_ac78xx.s
   Uses
      At line 57 in file startup_ac78xx.s
      At line 136 in file startup_ac78xx.s

__Vectors_End 0000011C

Symbol: __Vectors_End
   Definitions
      At line 134 in file startup_ac78xx.s
   Uses
      At line 58 in file startup_ac78xx.s
      At line 136 in file startup_ac78xx.s

3 symbols



ARM Macro Assembler    Page 1 Alphabetic symbol ordering
Relocatable symbols

.text 00000000

Symbol: .text
   Definitions
      At line 138 in file startup_ac78xx.s
   Uses
      None
Comment: .text unused
ACMP0_IRQHandler 00000036

Symbol: ACMP0_IRQHandler
   Definitions
      At line 320 in file startup_ac78xx.s
   Uses
      At line 124 in file startup_ac78xx.s
      At line 265 in file startup_ac78xx.s

ACMP1_IRQHandler 00000036

Symbol: ACMP1_IRQHandler
   Definitions
      At line 321 in file startup_ac78xx.s
   Uses
      At line 125 in file startup_ac78xx.s
      At line 266 in file startup_ac78xx.s

ADC_IRQHandler 00000036

Symbol: ADC_IRQHandler
   Definitions
      At line 319 in file startup_ac78xx.s
   Uses
      At line 123 in file startup_ac78xx.s
      At line 264 in file startup_ac78xx.s

BKP_IRQHandler 00000036

Symbol: BKP_IRQHandler
   Definitions
      At line 306 in file startup_ac78xx.s
   Uses
      At line 110 in file startup_ac78xx.s
      At line 252 in file startup_ac78xx.s

BusFault_Handler 0000002A

Symbol: BusFault_Handler
   Definitions
      At line 193 in file startup_ac78xx.s
   Uses
      At line 66 in file startup_ac78xx.s
      At line 194 in file startup_ac78xx.s

CAN1_Handler 00000036

Symbol: CAN1_Handler
   Definitions
      At line 317 in file startup_ac78xx.s
   Uses



ARM Macro Assembler    Page 2 Alphabetic symbol ordering
Relocatable symbols

      At line 121 in file startup_ac78xx.s
      At line 262 in file startup_ac78xx.s

CAN2_Handler 00000036

Symbol: CAN2_Handler
   Definitions
      At line 318 in file startup_ac78xx.s
   Uses
      At line 122 in file startup_ac78xx.s
      At line 263 in file startup_ac78xx.s

DMA10_IRQHandler 00000036

Symbol: DMA10_IRQHandler
   Definitions
      At line 301 in file startup_ac78xx.s
   Uses
      At line 105 in file startup_ac78xx.s
      At line 247 in file startup_ac78xx.s

DMA11_IRQHandler 00000036

Symbol: DMA11_IRQHandler
   Definitions
      At line 302 in file startup_ac78xx.s
   Uses
      At line 106 in file startup_ac78xx.s
      At line 248 in file startup_ac78xx.s

DMA12_IRQHandler 00000036

Symbol: DMA12_IRQHandler
   Definitions
      At line 303 in file startup_ac78xx.s
   Uses
      At line 107 in file startup_ac78xx.s
      At line 249 in file startup_ac78xx.s

DMA1_IRQHandler 00000036

Symbol: DMA1_IRQHandler
   Definitions
      At line 292 in file startup_ac78xx.s
   Uses
      At line 96 in file startup_ac78xx.s
      At line 238 in file startup_ac78xx.s

DMA2_IRQHandler 00000036

Symbol: DMA2_IRQHandler
   Definitions
      At line 293 in file startup_ac78xx.s
   Uses
      At line 97 in file startup_ac78xx.s
      At line 239 in file startup_ac78xx.s

DMA3_IRQHandler 00000036




ARM Macro Assembler    Page 3 Alphabetic symbol ordering
Relocatable symbols

Symbol: DMA3_IRQHandler
   Definitions
      At line 294 in file startup_ac78xx.s
   Uses
      At line 98 in file startup_ac78xx.s
      At line 240 in file startup_ac78xx.s

DMA4_IRQHandler 00000036

Symbol: DMA4_IRQHandler
   Definitions
      At line 295 in file startup_ac78xx.s
   Uses
      At line 99 in file startup_ac78xx.s
      At line 241 in file startup_ac78xx.s

DMA5_IRQHandler 00000036

Symbol: DMA5_IRQHandler
   Definitions
      At line 296 in file startup_ac78xx.s
   Uses
      At line 100 in file startup_ac78xx.s
      At line 242 in file startup_ac78xx.s

DMA6_IRQHandler 00000036

Symbol: DMA6_IRQHandler
   Definitions
      At line 297 in file startup_ac78xx.s
   Uses
      At line 101 in file startup_ac78xx.s
      At line 243 in file startup_ac78xx.s

DMA7_IRQHandler 00000036

Symbol: DMA7_IRQHandler
   Definitions
      At line 298 in file startup_ac78xx.s
   Uses
      At line 102 in file startup_ac78xx.s
      At line 244 in file startup_ac78xx.s

DMA8_IRQHandler 00000036

Symbol: DMA8_IRQHandler
   Definitions
      At line 299 in file startup_ac78xx.s
   Uses
      At line 103 in file startup_ac78xx.s
      At line 245 in file startup_ac78xx.s

DMA9_IRQHandler 00000036

Symbol: DMA9_IRQHandler
   Definitions
      At line 300 in file startup_ac78xx.s
   Uses
      At line 104 in file startup_ac78xx.s



ARM Macro Assembler    Page 4 Alphabetic symbol ordering
Relocatable symbols

      At line 246 in file startup_ac78xx.s

DebugMon_Handler 00000030

Symbol: DebugMon_Handler
   Definitions
      At line 207 in file startup_ac78xx.s
   Uses
      At line 73 in file startup_ac78xx.s
      At line 208 in file startup_ac78xx.s

Default_Handler 00000036

Symbol: Default_Handler
   Definitions
      At line 220 in file startup_ac78xx.s
   Uses
      None
Comment: Default_Handler unused
EFlash_IRQHandler 00000036

Symbol: EFlash_IRQHandler
   Definitions
      At line 329 in file startup_ac78xx.s
   Uses
      At line 133 in file startup_ac78xx.s
      At line 274 in file startup_ac78xx.s

EXTI0_IRQHandler 00000036

Symbol: EXTI0_IRQHandler
   Definitions
      At line 282 in file startup_ac78xx.s
   Uses
      At line 86 in file startup_ac78xx.s
      At line 228 in file startup_ac78xx.s

EXTI10_15_IRQHandler 00000036

Symbol: EXTI10_15_IRQHandler
   Definitions
      At line 314 in file startup_ac78xx.s
   Uses
      At line 118 in file startup_ac78xx.s
      At line 260 in file startup_ac78xx.s

EXTI1_IRQHandler 00000036

Symbol: EXTI1_IRQHandler
   Definitions
      At line 283 in file startup_ac78xx.s
   Uses
      At line 87 in file startup_ac78xx.s
      At line 229 in file startup_ac78xx.s

EXTI2_IRQHandler 00000036

Symbol: EXTI2_IRQHandler
   Definitions



ARM Macro Assembler    Page 5 Alphabetic symbol ordering
Relocatable symbols

      At line 284 in file startup_ac78xx.s
   Uses
      At line 88 in file startup_ac78xx.s
      At line 230 in file startup_ac78xx.s

EXTI3_IRQHandler 00000036

Symbol: EXTI3_IRQHandler
   Definitions
      At line 285 in file startup_ac78xx.s
   Uses
      At line 89 in file startup_ac78xx.s
      At line 231 in file startup_ac78xx.s

EXTI4_IRQHandler 00000036

Symbol: EXTI4_IRQHandler
   Definitions
      At line 286 in file startup_ac78xx.s
   Uses
      At line 90 in file startup_ac78xx.s
      At line 232 in file startup_ac78xx.s

EXTI5_9_IRQHandler 00000036

Symbol: EXTI5_9_IRQHandler
   Definitions
      At line 287 in file startup_ac78xx.s
   Uses
      At line 91 in file startup_ac78xx.s
      At line 233 in file startup_ac78xx.s

HardFault_Handler 00000026

Symbol: HardFault_Handler
   Definitions
      At line 174 in file startup_ac78xx.s
   Uses
      At line 64 in file startup_ac78xx.s
      At line 184 in file startup_ac78xx.s

I2C1_IRQHandler 00000036

Symbol: I2C1_IRQHandler
   Definitions
      At line 290 in file startup_ac78xx.s
   Uses
      At line 94 in file startup_ac78xx.s
      At line 236 in file startup_ac78xx.s

I2C2_IRQHandler 00000036

Symbol: I2C2_IRQHandler
   Definitions
      At line 291 in file startup_ac78xx.s
   Uses
      At line 95 in file startup_ac78xx.s
      At line 237 in file startup_ac78xx.s




ARM Macro Assembler    Page 6 Alphabetic symbol ordering
Relocatable symbols

LIN0_Handler 00000036

Symbol: LIN0_Handler
   Definitions
      At line 313 in file startup_ac78xx.s
   Uses
      At line 117 in file startup_ac78xx.s
      At line 259 in file startup_ac78xx.s

MemManage_Handler 00000028

Symbol: MemManage_Handler
   Definitions
      At line 188 in file startup_ac78xx.s
   Uses
      At line 65 in file startup_ac78xx.s
      At line 189 in file startup_ac78xx.s

NMI_Handler 00000024

Symbol: NMI_Handler
   Definitions
      At line 169 in file startup_ac78xx.s
   Uses
      At line 63 in file startup_ac78xx.s
      At line 170 in file startup_ac78xx.s

PVD_Handler 00000036

Symbol: PVD_Handler
   Definitions
      At line 312 in file startup_ac78xx.s
   Uses
      At line 116 in file startup_ac78xx.s
      At line 258 in file startup_ac78xx.s

PWDT_IRQHandler 00000036

Symbol: PWDT_IRQHandler
   Definitions
      At line 275 in file startup_ac78xx.s
   Uses
      At line 79 in file startup_ac78xx.s
      At line 221 in file startup_ac78xx.s

PWM0_IRQHandler 00000036

Symbol: PWM0_IRQHandler
   Definitions
      At line 309 in file startup_ac78xx.s
   Uses
      At line 113 in file startup_ac78xx.s
      At line 255 in file startup_ac78xx.s

PWM1_IRQHandler 00000036

Symbol: PWM1_IRQHandler
   Definitions
      At line 310 in file startup_ac78xx.s



ARM Macro Assembler    Page 7 Alphabetic symbol ordering
Relocatable symbols

   Uses
      At line 114 in file startup_ac78xx.s
      At line 256 in file startup_ac78xx.s

PWM2_IRQHandler 00000036

Symbol: PWM2_IRQHandler
   Definitions
      At line 311 in file startup_ac78xx.s
   Uses
      At line 115 in file startup_ac78xx.s
      At line 257 in file startup_ac78xx.s

PWM3_IRQHandler 00000036

Symbol: PWM3_IRQHandler
   Definitions
      At line 328 in file startup_ac78xx.s
   Uses
      At line 132 in file startup_ac78xx.s
      At line 273 in file startup_ac78xx.s

PendSV_Handler 00000032

Symbol: PendSV_Handler
   Definitions
      At line 211 in file startup_ac78xx.s
   Uses
      At line 75 in file startup_ac78xx.s
      At line 212 in file startup_ac78xx.s

RTC_IRQHandler 00000036

Symbol: RTC_IRQHandler
   Definitions
      At line 307 in file startup_ac78xx.s
   Uses
      At line 111 in file startup_ac78xx.s
      At line 253 in file startup_ac78xx.s

Reset_Handler 00000000

Symbol: Reset_Handler
   Definitions
      At line 141 in file startup_ac78xx.s
   Uses
      At line 62 in file startup_ac78xx.s
      At line 142 in file startup_ac78xx.s

SPI1_IRQHandler 00000036

Symbol: SPI1_IRQHandler
   Definitions
      At line 288 in file startup_ac78xx.s
   Uses
      At line 92 in file startup_ac78xx.s
      At line 234 in file startup_ac78xx.s

SPI2_IRQHandler 00000036



ARM Macro Assembler    Page 8 Alphabetic symbol ordering
Relocatable symbols


Symbol: SPI2_IRQHandler
   Definitions
      At line 289 in file startup_ac78xx.s
   Uses
      At line 93 in file startup_ac78xx.s
      At line 235 in file startup_ac78xx.s

SPM_IRQHandler 00000036

Symbol: SPM_IRQHandler
   Definitions
      At line 315 in file startup_ac78xx.s
   Uses
      At line 119 in file startup_ac78xx.s
      At line 261 in file startup_ac78xx.s

SVC_Handler 0000002E

Symbol: SVC_Handler
   Definitions
      At line 202 in file startup_ac78xx.s
   Uses
      At line 72 in file startup_ac78xx.s
      At line 203 in file startup_ac78xx.s

SysTick_Handler 00000034

Symbol: SysTick_Handler
   Definitions
      At line 215 in file startup_ac78xx.s
   Uses
      At line 76 in file startup_ac78xx.s
      At line 216 in file startup_ac78xx.s

TIMER0_IRQHandler 00000036

Symbol: TIMER0_IRQHandler
   Definitions
      At line 304 in file startup_ac78xx.s
   Uses
      At line 108 in file startup_ac78xx.s
      At line 250 in file startup_ac78xx.s

TIMER1_IRQHandler 00000036

Symbol: TIMER1_IRQHandler
   Definitions
      At line 305 in file startup_ac78xx.s
   Uses
      At line 109 in file startup_ac78xx.s
      At line 251 in file startup_ac78xx.s

TIMER2_IRQHandler 00000036

Symbol: TIMER2_IRQHandler
   Definitions
      At line 322 in file startup_ac78xx.s
   Uses



ARM Macro Assembler    Page 9 Alphabetic symbol ordering
Relocatable symbols

      At line 126 in file startup_ac78xx.s
      At line 267 in file startup_ac78xx.s

TIMER3_IRQHandler 00000036

Symbol: TIMER3_IRQHandler
   Definitions
      At line 323 in file startup_ac78xx.s
   Uses
      At line 127 in file startup_ac78xx.s
      At line 268 in file startup_ac78xx.s

TIMER4_IRQHandler 00000036

Symbol: TIMER4_IRQHandler
   Definitions
      At line 324 in file startup_ac78xx.s
   Uses
      At line 128 in file startup_ac78xx.s
      At line 269 in file startup_ac78xx.s

TIMER5_IRQHandler 00000036

Symbol: TIMER5_IRQHandler
   Definitions
      At line 325 in file startup_ac78xx.s
   Uses
      At line 129 in file startup_ac78xx.s
      At line 270 in file startup_ac78xx.s

TIMER6_IRQHandler 00000036

Symbol: TIMER6_IRQHandler
   Definitions
      At line 326 in file startup_ac78xx.s
   Uses
      At line 130 in file startup_ac78xx.s
      At line 271 in file startup_ac78xx.s

TIMER7_IRQHandler 00000036

Symbol: TIMER7_IRQHandler
   Definitions
      At line 327 in file startup_ac78xx.s
   Uses
      At line 131 in file startup_ac78xx.s
      At line 272 in file startup_ac78xx.s

UART1_IRQHandler 00000036

Symbol: UART1_IRQHandler
   Definitions
      At line 276 in file startup_ac78xx.s
   Uses
      At line 80 in file startup_ac78xx.s
      At line 222 in file startup_ac78xx.s

UART2_IRQHandler 00000036




ARM Macro Assembler    Page 10 Alphabetic symbol ordering
Relocatable symbols

Symbol: UART2_IRQHandler
   Definitions
      At line 277 in file startup_ac78xx.s
   Uses
      At line 81 in file startup_ac78xx.s
      At line 223 in file startup_ac78xx.s

UART3_IRQHandler 00000036

Symbol: UART3_IRQHandler
   Definitions
      At line 278 in file startup_ac78xx.s
   Uses
      At line 82 in file startup_ac78xx.s
      At line 224 in file startup_ac78xx.s

UART4_IRQHandler 00000036

Symbol: UART4_IRQHandler
   Definitions
      At line 279 in file startup_ac78xx.s
   Uses
      At line 83 in file startup_ac78xx.s
      At line 225 in file startup_ac78xx.s

UART5_IRQHandler 00000036

Symbol: UART5_IRQHandler
   Definitions
      At line 280 in file startup_ac78xx.s
   Uses
      At line 84 in file startup_ac78xx.s
      At line 226 in file startup_ac78xx.s

UART6_IRQHandler 00000036

Symbol: UART6_IRQHandler
   Definitions
      At line 281 in file startup_ac78xx.s
   Uses
      At line 85 in file startup_ac78xx.s
      At line 227 in file startup_ac78xx.s

UsageFault_Handler 0000002C

Symbol: UsageFault_Handler
   Definitions
      At line 198 in file startup_ac78xx.s
   Uses
      At line 67 in file startup_ac78xx.s
      At line 199 in file startup_ac78xx.s

Watchdog_IRQHandler 00000036

Symbol: Watchdog_IRQHandler
   Definitions
      At line 308 in file startup_ac78xx.s
   Uses
      At line 112 in file startup_ac78xx.s



ARM Macro Assembler    Page 11 Alphabetic symbol ordering
Relocatable symbols

      At line 254 in file startup_ac78xx.s

66 symbols



ARM Macro Assembler    Page 1 Alphabetic symbol ordering
Absolute symbols

Heap_Size 00000000

Symbol: Heap_Size
   Definitions
      At line 44 in file startup_ac78xx.s
   Uses
      At line 48 in file startup_ac78xx.s
Comment: Heap_Size used once
Stack_Size 00000800

Symbol: Stack_Size
   Definitions
      At line 34 in file startup_ac78xx.s
   Uses
      At line 37 in file startup_ac78xx.s
Comment: Stack_Size used once
__Vectors_Size 0000011C

Symbol: __Vectors_Size
   Definitions
      At line 136 in file startup_ac78xx.s
   Uses
      At line 59 in file startup_ac78xx.s
Comment: __Vectors_Size used once
3 symbols



ARM Macro Assembler    Page 1 Alphabetic symbol ordering
External symbols

SystemInit 00000000

Symbol: SystemInit
   Definitions
      At line 144 in file startup_ac78xx.s
   Uses
      At line 163 in file startup_ac78xx.s
Comment: SystemInit used once
__main 00000000

Symbol: __main
   Definitions
      At line 143 in file startup_ac78xx.s
   Uses
      At line 165 in file startup_ac78xx.s
Comment: __main used once
2 symbols
416 symbols in table
